Started GET "/" for 127.0.0.1 at 2025-07-29 18:30:12 +0200
Started HEAD "/" for 127.0.0.1 at 2025-07-29 18:30:12 +0200
  
ActiveRecord::StatementInvalid (SQLite3::CorruptException: database disk image is malformed:
SELECT sqlite_version(*) /*application='Myapp'*/)
Caused by: SQLite3::CorruptException (database disk image is malformed:
SELECT sqlite_version(*) /*application='Myapp'*/)

Information for: ActiveRecord::StatementInvalid (SQLite3::CorruptException: database disk image is malformed:
SELECT sqlite_version(*) /*application='Myapp'*/):
  

Information for cause: SQLite3::CorruptException (database disk image is malformed:
SELECT sqlite_version(*) /*application='Myapp'*/):
  
sqlite3-2.7.3-x86_64-linux (gnu) lib/sqlite3/statement.rb:36:in `prepare'
sqlite3-2.7.3-x86_64-linux (gnu) lib/sqlite3/statement.rb:36:in `initialize'
sqlite3-2.7.3-x86_64-linux (gnu) lib/sqlite3/database.rb:217:in `new'
sqlite3-2.7.3-x86_64-linux (gnu) lib/sqlite3/database.rb:217:in `prepare'
activerecord (8.0.2) lib/active_record/connection_adapters/sqlite3/database_statements.rb:94:in `perform_query'
activerecord (8.0.2) lib/active_record/connection_adapters/abstract/database_statements.rb:556:in `block (2 levels) in raw_execute'
activerecord (8.0.2) lib/active_record/connection_adapters/abstract_adapter.rb:1015:in `block in with_raw_connection'
activesupport (8.0.2) lib/active_support/concurrency/null_lock.rb:9:in `synchronize'
activerecord (8.0.2) lib/active_record/connection_adapters/abstract_adapter.rb:984:in `with_raw_connection'
activerecord (8.0.2) lib/active_record/connection_adapters/abstract/database_statements.rb:555:in `block in raw_execute'
activesupport (8.0.2) lib/active_support/notifications/instrumenter.rb:58:in `instrument'
activerecord (8.0.2) lib/active_record/connection_adapters/abstract_adapter.rb:1135:in `log'
activerecord (8.0.2) lib/active_record/connection_adapters/abstract/database_statements.rb:554:in `raw_execute'
activerecord (8.0.2) lib/active_record/connection_adapters/abstract/database_statements.rb:591:in `internal_execute'
activerecord (8.0.2) lib/active_record/connection_adapters/abstract/database_statements.rb:547:in `internal_exec_query'
activerecord (8.0.2) lib/active_record/connection_adapters/abstract/database_statements.rb:114:in `query'
activerecord (8.0.2) lib/active_record/connection_adapters/abstract/database_statements.rb:106:in `query_value'
activerecord (8.0.2) lib/active_record/connection_adapters/sqlite3_adapter.rb:477:in `get_database_version'
activerecord (8.0.2) lib/active_record/connection_adapters/pool_config.rb:40:in `block in server_version'
/usr/lib/ruby/3.3.0/monitor.rb:201:in `synchronize'
/usr/lib/ruby/3.3.0/monitor.rb:201:in `mon_synchronize'
activerecord (8.0.2) lib/active_record/connection_adapters/pool_config.rb:40:in `server_version'
activerecord (8.0.2) lib/active_record/connection_adapters/abstract/connection_pool.rb:224:in `server_version'
activerecord (8.0.2) lib/active_record/connection_adapters/abstract_adapter.rb:855:in `database_version'
activerecord (8.0.2) lib/active_record/connection_adapters/sqlite3_adapter.rb:481:in `check_version'
activerecord (8.0.2) lib/active_record/connection_adapters/abstract_adapter.rb:1213:in `configure_connection'
activerecord (8.0.2) lib/active_record/connection_adapters/sqlite3_adapter.rb:835:in `configure_connection'
activerecord (8.0.2) lib/active_record/connection_adapters/abstract_adapter.rb:1217:in `attempt_configure_connection'
activerecord (8.0.2) lib/active_record/connection_adapters/abstract_adapter.rb:676:in `block (2 levels) in reconnect!'
activerecord (8.0.2) lib/active_record/connection_adapters/abstract/database_statements.rb:391:in `reset_transaction'
activerecord (8.0.2) lib/active_record/connection_adapters/abstract_adapter.rb:674:in `block in reconnect!'
activesupport (8.0.2) lib/active_support/concurrency/null_lock.rb:9:in `synchronize'
activerecord (8.0.2) lib/active_record/connection_adapters/abstract_adapter.rb:666:in `reconnect!'
activerecord (8.0.2) lib/active_record/connection_adapters/abstract_adapter.rb:771:in `block in verify!'
activesupport (8.0.2) lib/active_support/concurrency/null_lock.rb:9:in `synchronize'
activerecord (8.0.2) lib/active_record/connection_adapters/abstract_adapter.rb:761:in `verify!'
activerecord (8.0.2) lib/active_record/connection_adapters/abstract_adapter.rb:779:in `connect!'
activerecord (8.0.2) lib/active_record/connection_adapters/abstract_adapter.rb:985:in `block in with_raw_connection'
activesupport (8.0.2) lib/active_support/concurrency/null_lock.rb:9:in `synchronize'
activerecord (8.0.2) lib/active_record/connection_adapters/abstract_adapter.rb:984:in `with_raw_connection'
activerecord (8.0.2) lib/active_record/connection_adapters/abstract/database_statements.rb:555:in `block in raw_execute'
activesupport (8.0.2) lib/active_support/notifications/instrumenter.rb:58:in `instrument'
activerecord (8.0.2) lib/active_record/connection_adapters/abstract_adapter.rb:1135:in `log'
activerecord (8.0.2) lib/active_record/connection_adapters/abstract/database_statements.rb:554:in `raw_execute'
activerecord (8.0.2) lib/active_record/connection_adapters/abstract/database_statements.rb:591:in `internal_execute'
activerecord (8.0.2) lib/active_record/connection_adapters/abstract/database_statements.rb:547:in `internal_exec_query'
activerecord (8.0.2) lib/active_record/connection_adapters/abstract/database_statements.rb:114:in `query'
activerecord (8.0.2) lib/active_record/connection_adapters/abstract/database_statements.rb:110:in `query_values'
activerecord (8.0.2) lib/active_record/connection_adapters/abstract/schema_statements.rb:60:in `table_exists?'
activerecord (8.0.2) lib/active_record/schema_migration.rb:55:in `block in create_table'
activerecord (8.0.2) lib/active_record/connection_adapters/abstract/connection_pool.rb:418:in `with_connection'
activerecord (8.0.2) lib/active_record/schema_migration.rb:54:in `create_table'
activerecord (8.0.2) lib/active_record/migration.rb:1431:in `initialize'
activerecord (8.0.2) lib/active_record/migration.rb:1279:in `new'
activerecord (8.0.2) lib/active_record/migration.rb:1279:in `open'
activerecord (8.0.2) lib/active_record/migration.rb:763:in `block (2 levels) in pending_migrations'
activerecord (8.0.2) lib/active_record/migration/pending_migration_connection.rb:8:in `with_temporary_pool'
activerecord (8.0.2) lib/active_record/migration.rb:762:in `block in pending_migrations'
activerecord (8.0.2) lib/active_record/migration.rb:761:in `each'
activerecord (8.0.2) lib/active_record/migration.rb:761:in `pending_migrations'
activerecord (8.0.2) lib/active_record/migration.rb:740:in `check_pending_migrations'
activerecord (8.0.2) lib/active_record/migration.rb:660:in `block (2 levels) in call'
activesupport (8.0.2) lib/active_support/file_update_checker.rb:85:in `execute'
activerecord (8.0.2) lib/active_record/migration.rb:665:in `block in call'
activerecord (8.0.2) lib/active_record/migration.rb:657:in `synchronize'
activerecord (8.0.2) lib/active_record/migration.rb:657:in `call'
actionpack (8.0.2) lib/action_dispatch/middleware/callbacks.rb:31:in `block in call'
activesupport (8.0.2) lib/active_support/callbacks.rb:100:in `run_callbacks'
actionpack (8.0.2) lib/action_dispatch/middleware/callbacks.rb:30:in `call'
actionpack (8.0.2) lib/action_dispatch/middleware/executor.rb:16:in `call'
actionpack (8.0.2) lib/action_dispatch/middleware/actionable_exceptions.rb:18:in `call'
actionpack (8.0.2) lib/action_dispatch/middleware/debug_exceptions.rb:31:in `call'
web-console (4.2.1) lib/web_console/middleware.rb:132:in `call_app'
web-console (4.2.1) lib/web_console/middleware.rb:28:in `block in call'
web-console (4.2.1) lib/web_console/middleware.rb:17:in `catch'
web-console (4.2.1) lib/web_console/middleware.rb:17:in `call'
actionpack (8.0.2) lib/action_dispatch/middleware/show_exceptions.rb:32:in `call'
railties (8.0.2) lib/rails/rack/logger.rb:41:in `call_app'
railties (8.0.2) lib/rails/rack/logger.rb:29:in `call'
actionpack (8.0.2) lib/action_dispatch/middleware/remote_ip.rb:96:in `call'
actionpack (8.0.2) lib/action_dispatch/middleware/request_id.rb:34:in `call'
rack (3.1.16) lib/rack/method_override.rb:28:in `call'
rack (3.1.16) lib/rack/runtime.rb:24:in `call'
actionpack (8.0.2) lib/action_dispatch/middleware/server_timing.rb:61:in `block in call'
actionpack (8.0.2) lib/action_dispatch/middleware/server_timing.rb:26:in `collect_events'
actionpack (8.0.2) lib/action_dispatch/middleware/server_timing.rb:60:in `call'
actionpack (8.0.2) lib/action_dispatch/middleware/executor.rb:16:in `call'
actionpack (8.0.2) lib/action_dispatch/middleware/static.rb:27:in `call'
rack (3.1.16) lib/rack/sendfile.rb:114:in `call'
actionpack (8.0.2) lib/action_dispatch/middleware/host_authorization.rb:143:in `call'
railties (8.0.2) lib/rails/engine.rb:535:in `call'
puma (6.6.0) lib/puma/configuration.rb:279:in `call'
puma (6.6.0) lib/puma/request.rb:99:in `block in handle_request'
puma (6.6.0) lib/puma/thread_pool.rb:390:in `with_force_shutdown'
puma (6.6.0) lib/puma/request.rb:98:in `handle_request'
puma (6.6.0) lib/puma/server.rb:472:in `process_client'
puma (6.6.0) lib/puma/server.rb:254:in `block in run'
puma (6.6.0) lib/puma/thread_pool.rb:167:in `block in spawn_thread'
  
ActiveRecord::StatementInvalid (SQLite3::CorruptException: database disk image is malformed:
SELECT sqlite_version(*) /*application='Myapp'*/)
Caused by: SQLite3::CorruptException (database disk image is malformed:
SELECT sqlite_version(*) /*application='Myapp'*/)

Information for: ActiveRecord::StatementInvalid (SQLite3::CorruptException: database disk image is malformed:
SELECT sqlite_version(*) /*application='Myapp'*/):
  

Information for cause: SQLite3::CorruptException (database disk image is malformed:
SELECT sqlite_version(*) /*application='Myapp'*/):
  
sqlite3-2.7.3-x86_64-linux (gnu) lib/sqlite3/statement.rb:36:in `prepare'
sqlite3-2.7.3-x86_64-linux (gnu) lib/sqlite3/statement.rb:36:in `initialize'
sqlite3-2.7.3-x86_64-linux (gnu) lib/sqlite3/database.rb:217:in `new'
sqlite3-2.7.3-x86_64-linux (gnu) lib/sqlite3/database.rb:217:in `prepare'
activerecord (8.0.2) lib/active_record/connection_adapters/sqlite3/database_statements.rb:94:in `perform_query'
activerecord (8.0.2) lib/active_record/connection_adapters/abstract/database_statements.rb:556:in `block (2 levels) in raw_execute'
activerecord (8.0.2) lib/active_record/connection_adapters/abstract_adapter.rb:1015:in `block in with_raw_connection'
activesupport (8.0.2) lib/active_support/concurrency/null_lock.rb:9:in `synchronize'
activerecord (8.0.2) lib/active_record/connection_adapters/abstract_adapter.rb:984:in `with_raw_connection'
activerecord (8.0.2) lib/active_record/connection_adapters/abstract/database_statements.rb:555:in `block in raw_execute'
activesupport (8.0.2) lib/active_support/notifications/instrumenter.rb:58:in `instrument'
activerecord (8.0.2) lib/active_record/connection_adapters/abstract_adapter.rb:1135:in `log'
activerecord (8.0.2) lib/active_record/connection_adapters/abstract/database_statements.rb:554:in `raw_execute'
activerecord (8.0.2) lib/active_record/connection_adapters/abstract/database_statements.rb:591:in `internal_execute'
activerecord (8.0.2) lib/active_record/connection_adapters/abstract/database_statements.rb:547:in `internal_exec_query'
activerecord (8.0.2) lib/active_record/connection_adapters/abstract/database_statements.rb:114:in `query'
activerecord (8.0.2) lib/active_record/connection_adapters/abstract/database_statements.rb:106:in `query_value'
activerecord (8.0.2) lib/active_record/connection_adapters/sqlite3_adapter.rb:477:in `get_database_version'
activerecord (8.0.2) lib/active_record/connection_adapters/pool_config.rb:40:in `block in server_version'
/usr/lib/ruby/3.3.0/monitor.rb:201:in `synchronize'
/usr/lib/ruby/3.3.0/monitor.rb:201:in `mon_synchronize'
activerecord (8.0.2) lib/active_record/connection_adapters/pool_config.rb:40:in `server_version'
activerecord (8.0.2) lib/active_record/connection_adapters/abstract/connection_pool.rb:224:in `server_version'
activerecord (8.0.2) lib/active_record/connection_adapters/abstract_adapter.rb:855:in `database_version'
activerecord (8.0.2) lib/active_record/connection_adapters/sqlite3_adapter.rb:481:in `check_version'
activerecord (8.0.2) lib/active_record/connection_adapters/abstract_adapter.rb:1213:in `configure_connection'
activerecord (8.0.2) lib/active_record/connection_adapters/sqlite3_adapter.rb:835:in `configure_connection'
activerecord (8.0.2) lib/active_record/connection_adapters/abstract_adapter.rb:1217:in `attempt_configure_connection'
activerecord (8.0.2) lib/active_record/connection_adapters/abstract_adapter.rb:676:in `block (2 levels) in reconnect!'
activerecord (8.0.2) lib/active_record/connection_adapters/abstract/database_statements.rb:391:in `reset_transaction'
activerecord (8.0.2) lib/active_record/connection_adapters/abstract_adapter.rb:674:in `block in reconnect!'
activesupport (8.0.2) lib/active_support/concurrency/null_lock.rb:9:in `synchronize'
activerecord (8.0.2) lib/active_record/connection_adapters/abstract_adapter.rb:666:in `reconnect!'
activerecord (8.0.2) lib/active_record/connection_adapters/abstract_adapter.rb:771:in `block in verify!'
activesupport (8.0.2) lib/active_support/concurrency/null_lock.rb:9:in `synchronize'
activerecord (8.0.2) lib/active_record/connection_adapters/abstract_adapter.rb:761:in `verify!'
activerecord (8.0.2) lib/active_record/connection_adapters/abstract_adapter.rb:779:in `connect!'
activerecord (8.0.2) lib/active_record/connection_adapters/abstract_adapter.rb:985:in `block in with_raw_connection'
activesupport (8.0.2) lib/active_support/concurrency/null_lock.rb:9:in `synchronize'
activerecord (8.0.2) lib/active_record/connection_adapters/abstract_adapter.rb:984:in `with_raw_connection'
activerecord (8.0.2) lib/active_record/connection_adapters/abstract/database_statements.rb:555:in `block in raw_execute'
activesupport (8.0.2) lib/active_support/notifications/instrumenter.rb:58:in `instrument'
activerecord (8.0.2) lib/active_record/connection_adapters/abstract_adapter.rb:1135:in `log'
activerecord (8.0.2) lib/active_record/connection_adapters/abstract/database_statements.rb:554:in `raw_execute'
activerecord (8.0.2) lib/active_record/connection_adapters/abstract/database_statements.rb:591:in `internal_execute'
activerecord (8.0.2) lib/active_record/connection_adapters/abstract/database_statements.rb:547:in `internal_exec_query'
activerecord (8.0.2) lib/active_record/connection_adapters/abstract/database_statements.rb:114:in `query'
activerecord (8.0.2) lib/active_record/connection_adapters/abstract/database_statements.rb:110:in `query_values'
activerecord (8.0.2) lib/active_record/connection_adapters/abstract/schema_statements.rb:60:in `table_exists?'
activerecord (8.0.2) lib/active_record/schema_migration.rb:55:in `block in create_table'
activerecord (8.0.2) lib/active_record/connection_adapters/abstract/connection_pool.rb:418:in `with_connection'
activerecord (8.0.2) lib/active_record/schema_migration.rb:54:in `create_table'
activerecord (8.0.2) lib/active_record/migration.rb:1431:in `initialize'
activerecord (8.0.2) lib/active_record/migration.rb:1279:in `new'
activerecord (8.0.2) lib/active_record/migration.rb:1279:in `open'
activerecord (8.0.2) lib/active_record/migration.rb:763:in `block (2 levels) in pending_migrations'
activerecord (8.0.2) lib/active_record/migration/pending_migration_connection.rb:8:in `with_temporary_pool'
activerecord (8.0.2) lib/active_record/migration.rb:762:in `block in pending_migrations'
activerecord (8.0.2) lib/active_record/migration.rb:761:in `each'
activerecord (8.0.2) lib/active_record/migration.rb:761:in `pending_migrations'
activerecord (8.0.2) lib/active_record/migration.rb:740:in `check_pending_migrations'
activerecord (8.0.2) lib/active_record/migration.rb:660:in `block (2 levels) in call'
activesupport (8.0.2) lib/active_support/file_update_checker.rb:85:in `execute'
activerecord (8.0.2) lib/active_record/migration.rb:665:in `block in call'
activerecord (8.0.2) lib/active_record/migration.rb:657:in `synchronize'
activerecord (8.0.2) lib/active_record/migration.rb:657:in `call'
actionpack (8.0.2) lib/action_dispatch/middleware/callbacks.rb:31:in `block in call'
activesupport (8.0.2) lib/active_support/callbacks.rb:100:in `run_callbacks'
actionpack (8.0.2) lib/action_dispatch/middleware/callbacks.rb:30:in `call'
actionpack (8.0.2) lib/action_dispatch/middleware/executor.rb:16:in `call'
actionpack (8.0.2) lib/action_dispatch/middleware/actionable_exceptions.rb:18:in `call'
actionpack (8.0.2) lib/action_dispatch/middleware/debug_exceptions.rb:31:in `call'
web-console (4.2.1) lib/web_console/middleware.rb:132:in `call_app'
web-console (4.2.1) lib/web_console/middleware.rb:28:in `block in call'
web-console (4.2.1) lib/web_console/middleware.rb:17:in `catch'
web-console (4.2.1) lib/web_console/middleware.rb:17:in `call'
actionpack (8.0.2) lib/action_dispatch/middleware/show_exceptions.rb:32:in `call'
railties (8.0.2) lib/rails/rack/logger.rb:41:in `call_app'
railties (8.0.2) lib/rails/rack/logger.rb:29:in `call'
actionpack (8.0.2) lib/action_dispatch/middleware/remote_ip.rb:96:in `call'
actionpack (8.0.2) lib/action_dispatch/middleware/request_id.rb:34:in `call'
rack (3.1.16) lib/rack/method_override.rb:28:in `call'
rack (3.1.16) lib/rack/runtime.rb:24:in `call'
actionpack (8.0.2) lib/action_dispatch/middleware/server_timing.rb:61:in `block in call'
actionpack (8.0.2) lib/action_dispatch/middleware/server_timing.rb:26:in `collect_events'
actionpack (8.0.2) lib/action_dispatch/middleware/server_timing.rb:60:in `call'
actionpack (8.0.2) lib/action_dispatch/middleware/executor.rb:16:in `call'
actionpack (8.0.2) lib/action_dispatch/middleware/static.rb:27:in `call'
rack (3.1.16) lib/rack/sendfile.rb:114:in `call'
actionpack (8.0.2) lib/action_dispatch/middleware/host_authorization.rb:143:in `call'
railties (8.0.2) lib/rails/engine.rb:535:in `call'
puma (6.6.0) lib/puma/configuration.rb:279:in `call'
puma (6.6.0) lib/puma/request.rb:99:in `block in handle_request'
puma (6.6.0) lib/puma/thread_pool.rb:390:in `with_force_shutdown'
puma (6.6.0) lib/puma/request.rb:98:in `handle_request'
puma (6.6.0) lib/puma/server.rb:472:in `process_client'
puma (6.6.0) lib/puma/server.rb:254:in `block in run'
puma (6.6.0) lib/puma/thread_pool.rb:167:in `block in spawn_thread'
Started HEAD "/" for 127.0.0.1 at 2025-07-29 18:30:13 +0200
  
ActiveRecord::StatementInvalid (SQLite3::CorruptException: database disk image is malformed:
SELECT sqlite_version(*) /*application='Myapp'*/)
Caused by: SQLite3::CorruptException (database disk image is malformed:
SELECT sqlite_version(*) /*application='Myapp'*/)

Information for: ActiveRecord::StatementInvalid (SQLite3::CorruptException: database disk image is malformed:
SELECT sqlite_version(*) /*application='Myapp'*/):
  

Information for cause: SQLite3::CorruptException (database disk image is malformed:
SELECT sqlite_version(*) /*application='Myapp'*/):
  
sqlite3-2.7.3-x86_64-linux (gnu) lib/sqlite3/statement.rb:36:in `prepare'
sqlite3-2.7.3-x86_64-linux (gnu) lib/sqlite3/statement.rb:36:in `initialize'
sqlite3-2.7.3-x86_64-linux (gnu) lib/sqlite3/database.rb:217:in `new'
sqlite3-2.7.3-x86_64-linux (gnu) lib/sqlite3/database.rb:217:in `prepare'
activerecord (8.0.2) lib/active_record/connection_adapters/sqlite3/database_statements.rb:94:in `perform_query'
activerecord (8.0.2) lib/active_record/connection_adapters/abstract/database_statements.rb:556:in `block (2 levels) in raw_execute'
activerecord (8.0.2) lib/active_record/connection_adapters/abstract_adapter.rb:1015:in `block in with_raw_connection'
activesupport (8.0.2) lib/active_support/concurrency/null_lock.rb:9:in `synchronize'
activerecord (8.0.2) lib/active_record/connection_adapters/abstract_adapter.rb:984:in `with_raw_connection'
activerecord (8.0.2) lib/active_record/connection_adapters/abstract/database_statements.rb:555:in `block in raw_execute'
activesupport (8.0.2) lib/active_support/notifications/instrumenter.rb:58:in `instrument'
activerecord (8.0.2) lib/active_record/connection_adapters/abstract_adapter.rb:1135:in `log'
activerecord (8.0.2) lib/active_record/connection_adapters/abstract/database_statements.rb:554:in `raw_execute'
activerecord (8.0.2) lib/active_record/connection_adapters/abstract/database_statements.rb:591:in `internal_execute'
activerecord (8.0.2) lib/active_record/connection_adapters/abstract/database_statements.rb:547:in `internal_exec_query'
activerecord (8.0.2) lib/active_record/connection_adapters/abstract/database_statements.rb:114:in `query'
activerecord (8.0.2) lib/active_record/connection_adapters/abstract/database_statements.rb:106:in `query_value'
activerecord (8.0.2) lib/active_record/connection_adapters/sqlite3_adapter.rb:477:in `get_database_version'
activerecord (8.0.2) lib/active_record/connection_adapters/pool_config.rb:40:in `block in server_version'
/usr/lib/ruby/3.3.0/monitor.rb:201:in `synchronize'
/usr/lib/ruby/3.3.0/monitor.rb:201:in `mon_synchronize'
activerecord (8.0.2) lib/active_record/connection_adapters/pool_config.rb:40:in `server_version'
activerecord (8.0.2) lib/active_record/connection_adapters/abstract/connection_pool.rb:224:in `server_version'
activerecord (8.0.2) lib/active_record/connection_adapters/abstract_adapter.rb:855:in `database_version'
activerecord (8.0.2) lib/active_record/connection_adapters/sqlite3_adapter.rb:481:in `check_version'
activerecord (8.0.2) lib/active_record/connection_adapters/abstract_adapter.rb:1213:in `configure_connection'
activerecord (8.0.2) lib/active_record/connection_adapters/sqlite3_adapter.rb:835:in `configure_connection'
activerecord (8.0.2) lib/active_record/connection_adapters/abstract_adapter.rb:1217:in `attempt_configure_connection'
activerecord (8.0.2) lib/active_record/connection_adapters/abstract_adapter.rb:676:in `block (2 levels) in reconnect!'
activerecord (8.0.2) lib/active_record/connection_adapters/abstract/database_statements.rb:391:in `reset_transaction'
activerecord (8.0.2) lib/active_record/connection_adapters/abstract_adapter.rb:674:in `block in reconnect!'
activesupport (8.0.2) lib/active_support/concurrency/null_lock.rb:9:in `synchronize'
activerecord (8.0.2) lib/active_record/connection_adapters/abstract_adapter.rb:666:in `reconnect!'
activerecord (8.0.2) lib/active_record/connection_adapters/abstract_adapter.rb:771:in `block in verify!'
activesupport (8.0.2) lib/active_support/concurrency/null_lock.rb:9:in `synchronize'
activerecord (8.0.2) lib/active_record/connection_adapters/abstract_adapter.rb:761:in `verify!'
activerecord (8.0.2) lib/active_record/connection_adapters/abstract_adapter.rb:779:in `connect!'
activerecord (8.0.2) lib/active_record/connection_adapters/abstract_adapter.rb:985:in `block in with_raw_connection'
activesupport (8.0.2) lib/active_support/concurrency/null_lock.rb:9:in `synchronize'
activerecord (8.0.2) lib/active_record/connection_adapters/abstract_adapter.rb:984:in `with_raw_connection'
activerecord (8.0.2) lib/active_record/connection_adapters/abstract/database_statements.rb:555:in `block in raw_execute'
activesupport (8.0.2) lib/active_support/notifications/instrumenter.rb:58:in `instrument'
activerecord (8.0.2) lib/active_record/connection_adapters/abstract_adapter.rb:1135:in `log'
activerecord (8.0.2) lib/active_record/connection_adapters/abstract/database_statements.rb:554:in `raw_execute'
activerecord (8.0.2) lib/active_record/connection_adapters/abstract/database_statements.rb:591:in `internal_execute'
activerecord (8.0.2) lib/active_record/connection_adapters/abstract/database_statements.rb:547:in `internal_exec_query'
activerecord (8.0.2) lib/active_record/connection_adapters/abstract/database_statements.rb:114:in `query'
activerecord (8.0.2) lib/active_record/connection_adapters/abstract/database_statements.rb:110:in `query_values'
activerecord (8.0.2) lib/active_record/connection_adapters/abstract/schema_statements.rb:60:in `table_exists?'
activerecord (8.0.2) lib/active_record/schema_migration.rb:55:in `block in create_table'
activerecord (8.0.2) lib/active_record/connection_adapters/abstract/connection_pool.rb:418:in `with_connection'
activerecord (8.0.2) lib/active_record/schema_migration.rb:54:in `create_table'
activerecord (8.0.2) lib/active_record/migration.rb:1431:in `initialize'
activerecord (8.0.2) lib/active_record/migration.rb:1279:in `new'
activerecord (8.0.2) lib/active_record/migration.rb:1279:in `open'
activerecord (8.0.2) lib/active_record/migration.rb:763:in `block (2 levels) in pending_migrations'
activerecord (8.0.2) lib/active_record/migration/pending_migration_connection.rb:8:in `with_temporary_pool'
activerecord (8.0.2) lib/active_record/migration.rb:762:in `block in pending_migrations'
activerecord (8.0.2) lib/active_record/migration.rb:761:in `each'
activerecord (8.0.2) lib/active_record/migration.rb:761:in `pending_migrations'
activerecord (8.0.2) lib/active_record/migration.rb:740:in `check_pending_migrations'
activerecord (8.0.2) lib/active_record/migration.rb:660:in `block (2 levels) in call'
activesupport (8.0.2) lib/active_support/file_update_checker.rb:85:in `execute'
activerecord (8.0.2) lib/active_record/migration.rb:665:in `block in call'
activerecord (8.0.2) lib/active_record/migration.rb:657:in `synchronize'
activerecord (8.0.2) lib/active_record/migration.rb:657:in `call'
actionpack (8.0.2) lib/action_dispatch/middleware/callbacks.rb:31:in `block in call'
activesupport (8.0.2) lib/active_support/callbacks.rb:100:in `run_callbacks'
actionpack (8.0.2) lib/action_dispatch/middleware/callbacks.rb:30:in `call'
actionpack (8.0.2) lib/action_dispatch/middleware/executor.rb:16:in `call'
actionpack (8.0.2) lib/action_dispatch/middleware/actionable_exceptions.rb:18:in `call'
actionpack (8.0.2) lib/action_dispatch/middleware/debug_exceptions.rb:31:in `call'
web-console (4.2.1) lib/web_console/middleware.rb:132:in `call_app'
web-console (4.2.1) lib/web_console/middleware.rb:28:in `block in call'
web-console (4.2.1) lib/web_console/middleware.rb:17:in `catch'
web-console (4.2.1) lib/web_console/middleware.rb:17:in `call'
actionpack (8.0.2) lib/action_dispatch/middleware/show_exceptions.rb:32:in `call'
railties (8.0.2) lib/rails/rack/logger.rb:41:in `call_app'
railties (8.0.2) lib/rails/rack/logger.rb:29:in `call'
actionpack (8.0.2) lib/action_dispatch/middleware/remote_ip.rb:96:in `call'
actionpack (8.0.2) lib/action_dispatch/middleware/request_id.rb:34:in `call'
rack (3.1.16) lib/rack/method_override.rb:28:in `call'
rack (3.1.16) lib/rack/runtime.rb:24:in `call'
actionpack (8.0.2) lib/action_dispatch/middleware/server_timing.rb:61:in `block in call'
actionpack (8.0.2) lib/action_dispatch/middleware/server_timing.rb:26:in `collect_events'
actionpack (8.0.2) lib/action_dispatch/middleware/server_timing.rb:60:in `call'
actionpack (8.0.2) lib/action_dispatch/middleware/executor.rb:16:in `call'
actionpack (8.0.2) lib/action_dispatch/middleware/static.rb:27:in `call'
rack (3.1.16) lib/rack/sendfile.rb:114:in `call'
actionpack (8.0.2) lib/action_dispatch/middleware/host_authorization.rb:143:in `call'
railties (8.0.2) lib/rails/engine.rb:535:in `call'
puma (6.6.0) lib/puma/configuration.rb:279:in `call'
puma (6.6.0) lib/puma/request.rb:99:in `block in handle_request'
puma (6.6.0) lib/puma/thread_pool.rb:390:in `with_force_shutdown'
puma (6.6.0) lib/puma/request.rb:98:in `handle_request'
puma (6.6.0) lib/puma/server.rb:472:in `process_client'
puma (6.6.0) lib/puma/server.rb:254:in `block in run'
puma (6.6.0) lib/puma/thread_pool.rb:167:in `block in spawn_thread'
Started GET "/" for 127.0.0.1 at 2025-07-29 18:30:21 +0200
  
ActiveRecord::StatementInvalid (SQLite3::CorruptException: database disk image is malformed:
SELECT sqlite_version(*) /*application='Myapp'*/)
Caused by: SQLite3::CorruptException (database disk image is malformed:
SELECT sqlite_version(*) /*application='Myapp'*/)

Information for: ActiveRecord::StatementInvalid (SQLite3::CorruptException: database disk image is malformed:
SELECT sqlite_version(*) /*application='Myapp'*/):
  

Information for cause: SQLite3::CorruptException (database disk image is malformed:
SELECT sqlite_version(*) /*application='Myapp'*/):
  
sqlite3-2.7.3-x86_64-linux (gnu) lib/sqlite3/statement.rb:36:in `prepare'
sqlite3-2.7.3-x86_64-linux (gnu) lib/sqlite3/statement.rb:36:in `initialize'
sqlite3-2.7.3-x86_64-linux (gnu) lib/sqlite3/database.rb:217:in `new'
sqlite3-2.7.3-x86_64-linux (gnu) lib/sqlite3/database.rb:217:in `prepare'
activerecord (8.0.2) lib/active_record/connection_adapters/sqlite3/database_statements.rb:94:in `perform_query'
activerecord (8.0.2) lib/active_record/connection_adapters/abstract/database_statements.rb:556:in `block (2 levels) in raw_execute'
activerecord (8.0.2) lib/active_record/connection_adapters/abstract_adapter.rb:1015:in `block in with_raw_connection'
activesupport (8.0.2) lib/active_support/concurrency/null_lock.rb:9:in `synchronize'
activerecord (8.0.2) lib/active_record/connection_adapters/abstract_adapter.rb:984:in `with_raw_connection'
activerecord (8.0.2) lib/active_record/connection_adapters/abstract/database_statements.rb:555:in `block in raw_execute'
activesupport (8.0.2) lib/active_support/notifications/instrumenter.rb:58:in `instrument'
activerecord (8.0.2) lib/active_record/connection_adapters/abstract_adapter.rb:1135:in `log'
activerecord (8.0.2) lib/active_record/connection_adapters/abstract/database_statements.rb:554:in `raw_execute'
activerecord (8.0.2) lib/active_record/connection_adapters/abstract/database_statements.rb:591:in `internal_execute'
activerecord (8.0.2) lib/active_record/connection_adapters/abstract/database_statements.rb:547:in `internal_exec_query'
activerecord (8.0.2) lib/active_record/connection_adapters/abstract/database_statements.rb:114:in `query'
activerecord (8.0.2) lib/active_record/connection_adapters/abstract/database_statements.rb:106:in `query_value'
activerecord (8.0.2) lib/active_record/connection_adapters/sqlite3_adapter.rb:477:in `get_database_version'
activerecord (8.0.2) lib/active_record/connection_adapters/pool_config.rb:40:in `block in server_version'
/usr/lib/ruby/3.3.0/monitor.rb:201:in `synchronize'
/usr/lib/ruby/3.3.0/monitor.rb:201:in `mon_synchronize'
activerecord (8.0.2) lib/active_record/connection_adapters/pool_config.rb:40:in `server_version'
activerecord (8.0.2) lib/active_record/connection_adapters/abstract/connection_pool.rb:224:in `server_version'
activerecord (8.0.2) lib/active_record/connection_adapters/abstract_adapter.rb:855:in `database_version'
activerecord (8.0.2) lib/active_record/connection_adapters/sqlite3_adapter.rb:481:in `check_version'
activerecord (8.0.2) lib/active_record/connection_adapters/abstract_adapter.rb:1213:in `configure_connection'
activerecord (8.0.2) lib/active_record/connection_adapters/sqlite3_adapter.rb:835:in `configure_connection'
activerecord (8.0.2) lib/active_record/connection_adapters/abstract_adapter.rb:1217:in `attempt_configure_connection'
activerecord (8.0.2) lib/active_record/connection_adapters/abstract_adapter.rb:676:in `block (2 levels) in reconnect!'
activerecord (8.0.2) lib/active_record/connection_adapters/abstract/database_statements.rb:391:in `reset_transaction'
activerecord (8.0.2) lib/active_record/connection_adapters/abstract_adapter.rb:674:in `block in reconnect!'
activesupport (8.0.2) lib/active_support/concurrency/null_lock.rb:9:in `synchronize'
activerecord (8.0.2) lib/active_record/connection_adapters/abstract_adapter.rb:666:in `reconnect!'
activerecord (8.0.2) lib/active_record/connection_adapters/abstract_adapter.rb:771:in `block in verify!'
activesupport (8.0.2) lib/active_support/concurrency/null_lock.rb:9:in `synchronize'
activerecord (8.0.2) lib/active_record/connection_adapters/abstract_adapter.rb:761:in `verify!'
activerecord (8.0.2) lib/active_record/connection_adapters/abstract_adapter.rb:779:in `connect!'
activerecord (8.0.2) lib/active_record/connection_adapters/abstract_adapter.rb:985:in `block in with_raw_connection'
activesupport (8.0.2) lib/active_support/concurrency/null_lock.rb:9:in `synchronize'
activerecord (8.0.2) lib/active_record/connection_adapters/abstract_adapter.rb:984:in `with_raw_connection'
activerecord (8.0.2) lib/active_record/connection_adapters/abstract/database_statements.rb:555:in `block in raw_execute'
activesupport (8.0.2) lib/active_support/notifications/instrumenter.rb:58:in `instrument'
activerecord (8.0.2) lib/active_record/connection_adapters/abstract_adapter.rb:1135:in `log'
activerecord (8.0.2) lib/active_record/connection_adapters/abstract/database_statements.rb:554:in `raw_execute'
activerecord (8.0.2) lib/active_record/connection_adapters/abstract/database_statements.rb:591:in `internal_execute'
activerecord (8.0.2) lib/active_record/connection_adapters/abstract/database_statements.rb:547:in `internal_exec_query'
activerecord (8.0.2) lib/active_record/connection_adapters/abstract/database_statements.rb:114:in `query'
activerecord (8.0.2) lib/active_record/connection_adapters/abstract/database_statements.rb:110:in `query_values'
activerecord (8.0.2) lib/active_record/connection_adapters/abstract/schema_statements.rb:60:in `table_exists?'
activerecord (8.0.2) lib/active_record/schema_migration.rb:55:in `block in create_table'
activerecord (8.0.2) lib/active_record/connection_adapters/abstract/connection_pool.rb:418:in `with_connection'
activerecord (8.0.2) lib/active_record/schema_migration.rb:54:in `create_table'
activerecord (8.0.2) lib/active_record/migration.rb:1431:in `initialize'
activerecord (8.0.2) lib/active_record/migration.rb:1279:in `new'
activerecord (8.0.2) lib/active_record/migration.rb:1279:in `open'
activerecord (8.0.2) lib/active_record/migration.rb:763:in `block (2 levels) in pending_migrations'
activerecord (8.0.2) lib/active_record/migration/pending_migration_connection.rb:8:in `with_temporary_pool'
activerecord (8.0.2) lib/active_record/migration.rb:762:in `block in pending_migrations'
activerecord (8.0.2) lib/active_record/migration.rb:761:in `each'
activerecord (8.0.2) lib/active_record/migration.rb:761:in `pending_migrations'
activerecord (8.0.2) lib/active_record/migration.rb:740:in `check_pending_migrations'
activerecord (8.0.2) lib/active_record/migration.rb:660:in `block (2 levels) in call'
activesupport (8.0.2) lib/active_support/file_update_checker.rb:85:in `execute'
activerecord (8.0.2) lib/active_record/migration.rb:665:in `block in call'
activerecord (8.0.2) lib/active_record/migration.rb:657:in `synchronize'
activerecord (8.0.2) lib/active_record/migration.rb:657:in `call'
actionpack (8.0.2) lib/action_dispatch/middleware/callbacks.rb:31:in `block in call'
activesupport (8.0.2) lib/active_support/callbacks.rb:100:in `run_callbacks'
actionpack (8.0.2) lib/action_dispatch/middleware/callbacks.rb:30:in `call'
actionpack (8.0.2) lib/action_dispatch/middleware/executor.rb:16:in `call'
actionpack (8.0.2) lib/action_dispatch/middleware/actionable_exceptions.rb:18:in `call'
actionpack (8.0.2) lib/action_dispatch/middleware/debug_exceptions.rb:31:in `call'
web-console (4.2.1) lib/web_console/middleware.rb:132:in `call_app'
web-console (4.2.1) lib/web_console/middleware.rb:28:in `block in call'
web-console (4.2.1) lib/web_console/middleware.rb:17:in `catch'
web-console (4.2.1) lib/web_console/middleware.rb:17:in `call'
actionpack (8.0.2) lib/action_dispatch/middleware/show_exceptions.rb:32:in `call'
railties (8.0.2) lib/rails/rack/logger.rb:41:in `call_app'
railties (8.0.2) lib/rails/rack/logger.rb:29:in `call'
actionpack (8.0.2) lib/action_dispatch/middleware/remote_ip.rb:96:in `call'
actionpack (8.0.2) lib/action_dispatch/middleware/request_id.rb:34:in `call'
rack (3.1.16) lib/rack/method_override.rb:28:in `call'
rack (3.1.16) lib/rack/runtime.rb:24:in `call'
actionpack (8.0.2) lib/action_dispatch/middleware/server_timing.rb:61:in `block in call'
actionpack (8.0.2) lib/action_dispatch/middleware/server_timing.rb:26:in `collect_events'
actionpack (8.0.2) lib/action_dispatch/middleware/server_timing.rb:60:in `call'
actionpack (8.0.2) lib/action_dispatch/middleware/executor.rb:16:in `call'
actionpack (8.0.2) lib/action_dispatch/middleware/static.rb:27:in `call'
rack (3.1.16) lib/rack/sendfile.rb:114:in `call'
actionpack (8.0.2) lib/action_dispatch/middleware/host_authorization.rb:143:in `call'
railties (8.0.2) lib/rails/engine.rb:535:in `call'
puma (6.6.0) lib/puma/configuration.rb:279:in `call'
puma (6.6.0) lib/puma/request.rb:99:in `block in handle_request'
puma (6.6.0) lib/puma/thread_pool.rb:390:in `with_force_shutdown'
puma (6.6.0) lib/puma/request.rb:98:in `handle_request'
puma (6.6.0) lib/puma/server.rb:472:in `process_client'
puma (6.6.0) lib/puma/server.rb:254:in `block in run'
puma (6.6.0) lib/puma/thread_pool.rb:167:in `block in spawn_thread'
Started GET "/favicon.ico" for 127.0.0.1 at 2025-07-29 18:30:21 +0200
  
ActiveRecord::StatementInvalid (SQLite3::CorruptException: database disk image is malformed:
SELECT sqlite_version(*) /*application='Myapp'*/)
Caused by: SQLite3::CorruptException (database disk image is malformed:
SELECT sqlite_version(*) /*application='Myapp'*/)

Information for: ActiveRecord::StatementInvalid (SQLite3::CorruptException: database disk image is malformed:
SELECT sqlite_version(*) /*application='Myapp'*/):
  

Information for cause: SQLite3::CorruptException (database disk image is malformed:
SELECT sqlite_version(*) /*application='Myapp'*/):
  
sqlite3-2.7.3-x86_64-linux (gnu) lib/sqlite3/statement.rb:36:in `prepare'
sqlite3-2.7.3-x86_64-linux (gnu) lib/sqlite3/statement.rb:36:in `initialize'
sqlite3-2.7.3-x86_64-linux (gnu) lib/sqlite3/database.rb:217:in `new'
sqlite3-2.7.3-x86_64-linux (gnu) lib/sqlite3/database.rb:217:in `prepare'
activerecord (8.0.2) lib/active_record/connection_adapters/sqlite3/database_statements.rb:94:in `perform_query'
activerecord (8.0.2) lib/active_record/connection_adapters/abstract/database_statements.rb:556:in `block (2 levels) in raw_execute'
activerecord (8.0.2) lib/active_record/connection_adapters/abstract_adapter.rb:1015:in `block in with_raw_connection'
activesupport (8.0.2) lib/active_support/concurrency/null_lock.rb:9:in `synchronize'
activerecord (8.0.2) lib/active_record/connection_adapters/abstract_adapter.rb:984:in `with_raw_connection'
activerecord (8.0.2) lib/active_record/connection_adapters/abstract/database_statements.rb:555:in `block in raw_execute'
activesupport (8.0.2) lib/active_support/notifications/instrumenter.rb:58:in `instrument'
activerecord (8.0.2) lib/active_record/connection_adapters/abstract_adapter.rb:1135:in `log'
activerecord (8.0.2) lib/active_record/connection_adapters/abstract/database_statements.rb:554:in `raw_execute'
activerecord (8.0.2) lib/active_record/connection_adapters/abstract/database_statements.rb:591:in `internal_execute'
activerecord (8.0.2) lib/active_record/connection_adapters/abstract/database_statements.rb:547:in `internal_exec_query'
activerecord (8.0.2) lib/active_record/connection_adapters/abstract/database_statements.rb:114:in `query'
activerecord (8.0.2) lib/active_record/connection_adapters/abstract/database_statements.rb:106:in `query_value'
activerecord (8.0.2) lib/active_record/connection_adapters/sqlite3_adapter.rb:477:in `get_database_version'
activerecord (8.0.2) lib/active_record/connection_adapters/pool_config.rb:40:in `block in server_version'
/usr/lib/ruby/3.3.0/monitor.rb:201:in `synchronize'
/usr/lib/ruby/3.3.0/monitor.rb:201:in `mon_synchronize'
activerecord (8.0.2) lib/active_record/connection_adapters/pool_config.rb:40:in `server_version'
activerecord (8.0.2) lib/active_record/connection_adapters/abstract/connection_pool.rb:224:in `server_version'
activerecord (8.0.2) lib/active_record/connection_adapters/abstract_adapter.rb:855:in `database_version'
activerecord (8.0.2) lib/active_record/connection_adapters/sqlite3_adapter.rb:481:in `check_version'
activerecord (8.0.2) lib/active_record/connection_adapters/abstract_adapter.rb:1213:in `configure_connection'
activerecord (8.0.2) lib/active_record/connection_adapters/sqlite3_adapter.rb:835:in `configure_connection'
activerecord (8.0.2) lib/active_record/connection_adapters/abstract_adapter.rb:1217:in `attempt_configure_connection'
activerecord (8.0.2) lib/active_record/connection_adapters/abstract_adapter.rb:676:in `block (2 levels) in reconnect!'
activerecord (8.0.2) lib/active_record/connection_adapters/abstract/database_statements.rb:391:in `reset_transaction'
activerecord (8.0.2) lib/active_record/connection_adapters/abstract_adapter.rb:674:in `block in reconnect!'
activesupport (8.0.2) lib/active_support/concurrency/null_lock.rb:9:in `synchronize'
activerecord (8.0.2) lib/active_record/connection_adapters/abstract_adapter.rb:666:in `reconnect!'
activerecord (8.0.2) lib/active_record/connection_adapters/abstract_adapter.rb:771:in `block in verify!'
activesupport (8.0.2) lib/active_support/concurrency/null_lock.rb:9:in `synchronize'
activerecord (8.0.2) lib/active_record/connection_adapters/abstract_adapter.rb:761:in `verify!'
activerecord (8.0.2) lib/active_record/connection_adapters/abstract_adapter.rb:779:in `connect!'
activerecord (8.0.2) lib/active_record/connection_adapters/abstract_adapter.rb:985:in `block in with_raw_connection'
activesupport (8.0.2) lib/active_support/concurrency/null_lock.rb:9:in `synchronize'
activerecord (8.0.2) lib/active_record/connection_adapters/abstract_adapter.rb:984:in `with_raw_connection'
activerecord (8.0.2) lib/active_record/connection_adapters/abstract/database_statements.rb:555:in `block in raw_execute'
activesupport (8.0.2) lib/active_support/notifications/instrumenter.rb:58:in `instrument'
activerecord (8.0.2) lib/active_record/connection_adapters/abstract_adapter.rb:1135:in `log'
activerecord (8.0.2) lib/active_record/connection_adapters/abstract/database_statements.rb:554:in `raw_execute'
activerecord (8.0.2) lib/active_record/connection_adapters/abstract/database_statements.rb:591:in `internal_execute'
activerecord (8.0.2) lib/active_record/connection_adapters/abstract/database_statements.rb:547:in `internal_exec_query'
activerecord (8.0.2) lib/active_record/connection_adapters/abstract/database_statements.rb:114:in `query'
activerecord (8.0.2) lib/active_record/connection_adapters/abstract/database_statements.rb:110:in `query_values'
activerecord (8.0.2) lib/active_record/connection_adapters/abstract/schema_statements.rb:60:in `table_exists?'
activerecord (8.0.2) lib/active_record/schema_migration.rb:55:in `block in create_table'
activerecord (8.0.2) lib/active_record/connection_adapters/abstract/connection_pool.rb:418:in `with_connection'
activerecord (8.0.2) lib/active_record/schema_migration.rb:54:in `create_table'
activerecord (8.0.2) lib/active_record/migration.rb:1431:in `initialize'
activerecord (8.0.2) lib/active_record/migration.rb:1279:in `new'
activerecord (8.0.2) lib/active_record/migration.rb:1279:in `open'
activerecord (8.0.2) lib/active_record/migration.rb:763:in `block (2 levels) in pending_migrations'
activerecord (8.0.2) lib/active_record/migration/pending_migration_connection.rb:8:in `with_temporary_pool'
activerecord (8.0.2) lib/active_record/migration.rb:762:in `block in pending_migrations'
activerecord (8.0.2) lib/active_record/migration.rb:761:in `each'
activerecord (8.0.2) lib/active_record/migration.rb:761:in `pending_migrations'
activerecord (8.0.2) lib/active_record/migration.rb:740:in `check_pending_migrations'
activerecord (8.0.2) lib/active_record/migration.rb:660:in `block (2 levels) in call'
activesupport (8.0.2) lib/active_support/file_update_checker.rb:85:in `execute'
activerecord (8.0.2) lib/active_record/migration.rb:665:in `block in call'
activerecord (8.0.2) lib/active_record/migration.rb:657:in `synchronize'
activerecord (8.0.2) lib/active_record/migration.rb:657:in `call'
actionpack (8.0.2) lib/action_dispatch/middleware/callbacks.rb:31:in `block in call'
activesupport (8.0.2) lib/active_support/callbacks.rb:100:in `run_callbacks'
actionpack (8.0.2) lib/action_dispatch/middleware/callbacks.rb:30:in `call'
actionpack (8.0.2) lib/action_dispatch/middleware/executor.rb:16:in `call'
actionpack (8.0.2) lib/action_dispatch/middleware/actionable_exceptions.rb:18:in `call'
actionpack (8.0.2) lib/action_dispatch/middleware/debug_exceptions.rb:31:in `call'
web-console (4.2.1) lib/web_console/middleware.rb:132:in `call_app'
web-console (4.2.1) lib/web_console/middleware.rb:28:in `block in call'
web-console (4.2.1) lib/web_console/middleware.rb:17:in `catch'
web-console (4.2.1) lib/web_console/middleware.rb:17:in `call'
actionpack (8.0.2) lib/action_dispatch/middleware/show_exceptions.rb:32:in `call'
railties (8.0.2) lib/rails/rack/logger.rb:41:in `call_app'
railties (8.0.2) lib/rails/rack/logger.rb:29:in `call'
actionpack (8.0.2) lib/action_dispatch/middleware/remote_ip.rb:96:in `call'
actionpack (8.0.2) lib/action_dispatch/middleware/request_id.rb:34:in `call'
rack (3.1.16) lib/rack/method_override.rb:28:in `call'
rack (3.1.16) lib/rack/runtime.rb:24:in `call'
actionpack (8.0.2) lib/action_dispatch/middleware/server_timing.rb:61:in `block in call'
actionpack (8.0.2) lib/action_dispatch/middleware/server_timing.rb:26:in `collect_events'
actionpack (8.0.2) lib/action_dispatch/middleware/server_timing.rb:60:in `call'
actionpack (8.0.2) lib/action_dispatch/middleware/executor.rb:16:in `call'
actionpack (8.0.2) lib/action_dispatch/middleware/static.rb:27:in `call'
rack (3.1.16) lib/rack/sendfile.rb:114:in `call'
actionpack (8.0.2) lib/action_dispatch/middleware/host_authorization.rb:143:in `call'
railties (8.0.2) lib/rails/engine.rb:535:in `call'
puma (6.6.0) lib/puma/configuration.rb:279:in `call'
puma (6.6.0) lib/puma/request.rb:99:in `block in handle_request'
puma (6.6.0) lib/puma/thread_pool.rb:390:in `with_force_shutdown'
puma (6.6.0) lib/puma/request.rb:98:in `handle_request'
puma (6.6.0) lib/puma/server.rb:472:in `process_client'
puma (6.6.0) lib/puma/server.rb:254:in `block in run'
puma (6.6.0) lib/puma/thread_pool.rb:167:in `block in spawn_thread'
Started GET "/" for 127.0.0.1 at 2025-07-29 18:54:18 +0200
  [1m[36mActiveRecord::SchemaMigration Load (0.5ms)[0m  [1m[34mSELECT "schema_migrations"."version" FROM "schema_migrations" ORDER BY "schema_migrations"."version" ASC /*application='Myapp'*/[0m
Processing by Rails::WelcomeController#index as HTML
  Rendering /home/codemaestro/.local/share/gem/ruby/3.3.0/gems/railties-8.0.2/lib/rails/templates/rails/welcome/index.html.erb
  Rendered /home/codemaestro/.local/share/gem/ruby/3.3.0/gems/railties-8.0.2/lib/rails/templates/rails/welcome/index.html.erb (Duration: 1.1ms | GC: 0.0ms)
Completed 200 OK in 36ms (Views: 12.6ms | ActiveRecord: 0.0ms (0 queries, 0 cached) | GC: 0.0ms)


Started GET "/icon.png" for 127.0.0.1 at 2025-07-29 18:54:18 +0200
Started GET "/icon.png" for 127.0.0.1 at 2025-07-29 18:54:18 +0200
  
ActionController::RoutingError (No route matches [GET] "/icon.png"):
  
  
ActionController::RoutingError (No route matches [GET] "/icon.png"):
  
Started GET "/" for 127.0.0.1 at 2025-07-29 19:00:10 +0200
Processing by HomeController#index as HTML
  Rendering layout layouts/application.html.erb
  Rendering home/index.html.erb within layouts/application
  Rendered home/index.html.erb within layouts/application (Duration: 1.4ms | GC: 0.0ms)
  Rendered layout layouts/application.html.erb (Duration: 8.0ms | GC: 0.0ms)
Completed 200 OK in 57ms (Views: 10.2ms | ActiveRecord: 0.0ms (0 queries, 0 cached) | GC: 0.6ms)


Started GET "/assets/application.tailwind-09a13c93.css" for 127.0.0.1 at 2025-07-29 19:00:10 +0200
Started GET "/icon.svg" for 127.0.0.1 at 2025-07-29 19:00:10 +0200
  
ActionController::RoutingError (No route matches [GET] "/icon.svg"):
  
Started GET "/" for 127.0.0.1 at 2025-07-29 19:13:22 +0200
  [1m[36mActiveRecord::SchemaMigration Load (1.3ms)[0m  [1m[34mSELECT "schema_migrations"."version" FROM "schema_migrations" ORDER BY "schema_migrations"."version" ASC /*application='Myapp'*/[0m
Processing by HomeController#index as HTML
  Rendering layout layouts/application.html.erb
  Rendering home/index.html.erb within layouts/application
  Rendered home/index.html.erb within layouts/application (Duration: 0.7ms | GC: 0.0ms)
  Rendered layout layouts/application.html.erb (Duration: 17.7ms | GC: 0.0ms)
Completed 200 OK in 61ms (Views: 23.5ms | ActiveRecord: 0.0ms (0 queries, 0 cached) | GC: 0.0ms)


Started GET "/icon.png" for 127.0.0.1 at 2025-07-29 19:13:22 +0200
  
ActionController::RoutingError (No route matches [GET] "/icon.png"):
  
Started GET "/" for 127.0.0.1 at 2025-07-29 19:13:25 +0200
Processing by HomeController#index as HTML
  Rendering layout layouts/application.html.erb
  Rendering home/index.html.erb within layouts/application
  Rendered home/index.html.erb within layouts/application (Duration: 0.7ms | GC: 0.0ms)
  Rendered layout layouts/application.html.erb (Duration: 5.2ms | GC: 0.0ms)
Completed 200 OK in 19ms (Views: 8.8ms | ActiveRecord: 0.0ms (0 queries, 0 cached) | GC: 0.0ms)


Started GET "/" for 127.0.0.1 at 2025-07-29 19:15:29 +0200
Processing by HomeController#index as HTML
  Rendering layout layouts/application.html.erb
  Rendering home/index.html.erb within layouts/application
  Rendered home/index.html.erb within layouts/application (Duration: 1.6ms | GC: 0.0ms)
  Rendered layout layouts/application.html.erb (Duration: 6.1ms | GC: 0.0ms)
Completed 200 OK in 32ms (Views: 10.1ms | ActiveRecord: 0.0ms (0 queries, 0 cached) | GC: 0.0ms)


Started GET "/assets/application-6cc38f0e.css" for 127.0.0.1 at 2025-07-29 19:15:29 +0200
Started GET "/icon.png" for 127.0.0.1 at 2025-07-29 19:15:29 +0200
  
ActionController::RoutingError (No route matches [GET] "/icon.png"):
  
Started GET "/" for 127.0.0.1 at 2025-07-29 19:18:43 +0200
Processing by HomeController#index as HTML
  Rendering layout layouts/application.html.erb
  Rendering home/index.html.erb within layouts/application
  Rendered home/index.html.erb within layouts/application (Duration: 0.9ms | GC: 0.0ms)
  Rendered layout layouts/application.html.erb (Duration: 3.1ms | GC: 0.0ms)
Completed 200 OK in 22ms (Views: 5.8ms | ActiveRecord: 0.0ms (0 queries, 0 cached) | GC: 0.0ms)


Started GET "/assets/application-943da41e.css" for 127.0.0.1 at 2025-07-29 19:18:44 +0200
Started GET "/icon.png" for 127.0.0.1 at 2025-07-29 19:18:44 +0200
  
ActionController::RoutingError (No route matches [GET] "/icon.png"):
  
  [1m[36mActiveRecord::InternalMetadata Load (0.2ms)[0m  [1m[34mSELECT * FROM "ar_internal_metadata" WHERE "ar_internal_metadata"."key" = 'environment' ORDER BY "ar_internal_metadata"."key" ASC LIMIT 1 /*application='Connectify'*/[0m
  [1m[36mActiveRecord::InternalMetadata Create (2.5ms)[0m  [1m[32mINSERT INTO "ar_internal_metadata" ("key", "value", "created_at", "updated_at") VALUES ('environment', 'development', '2025-07-29 17:24:04.354109', '2025-07-29 17:24:04.354116') RETURNING "key" /*application='Connectify'*/[0m
  [1m[36mActiveRecord::SchemaMigration Load (0.2ms)[0m  [1m[34mSELECT "schema_migrations"."version" FROM "schema_migrations" ORDER BY "schema_migrations"."version" ASC /*application='Connectify'*/[0m
Migrating to CreatePages (20250729170000)
  [1m[36mTRANSACTION (0.2ms)[0m  [1m[35mBEGIN immediate TRANSACTION /*application='Connectify'*/[0m
  [1m[35m (4.5ms)[0m  [1m[35mCREATE TABLE "pages" ("id" integer PRIMARY KEY AUTOINCREMENT NOT NULL, "name" varchar NOT NULL, "description" text, "category" varchar, "likes_count" integer DEFAULT 0, "created_at" datetime(6) NOT NULL, "updated_at" datetime(6) NOT NULL) /*application='Connectify'*/[0m
  [1m[35m (0.4ms)[0m  [1m[35mCREATE UNIQUE INDEX "index_pages_on_name" ON "pages" ("name") /*application='Connectify'*/[0m
  [1m[36mActiveRecord::SchemaMigration Create (0.7ms)[0m  [1m[32mINSERT INTO "schema_migrations" ("version") VALUES ('20250729170000') RETURNING "version" /*application='Connectify'*/[0m
  [1m[36mTRANSACTION (0.3ms)[0m  [1m[35mCOMMIT TRANSACTION /*application='Connectify'*/[0m
  [1m[36mActiveRecord::SchemaMigration Load (0.2ms)[0m  [1m[34mSELECT "schema_migrations"."version" FROM "schema_migrations" ORDER BY "schema_migrations"."version" ASC /*application='Connectify'*/[0m
  [1m[36mActiveRecord::SchemaMigration Load (1.3ms)[0m  [1m[34mSELECT "schema_migrations"."version" FROM "schema_migrations" ORDER BY "schema_migrations"."version" ASC /*application='Connectify'*/[0m
  [1m[36mPage Load (0.2ms)[0m  [1m[34mSELECT "pages".* FROM "pages" /*application='Connectify'*/[0m
  [1m[36mTRANSACTION (0.1ms)[0m  [1m[35mBEGIN immediate TRANSACTION /*application='Connectify'*/[0m
  [1m[36mPage Exists? (2.2ms)[0m  [1m[34mSELECT 1 AS one FROM "pages" WHERE "pages"."name" = 'Connectify Official Page' LIMIT 1 /*application='Connectify'*/[0m
  [1m[36mPage Create (0.4ms)[0m  [1m[32mINSERT INTO "pages" ("name", "description", "category", "likes_count", "created_at", "updated_at") VALUES ('Connectify Official Page', 'The official page for Connectify, your new social network!', 'Community', 1500, '2025-07-29 17:24:15.665251', '2025-07-29 17:24:15.665251') RETURNING "id" /*application='Connectify'*/[0m
  [1m[36mTRANSACTION (7.3ms)[0m  [1m[35mCOMMIT TRANSACTION /*application='Connectify'*/[0m
  [1m[36mTRANSACTION (0.7ms)[0m  [1m[35mBEGIN immediate TRANSACTION /*application='Connectify'*/[0m
  [1m[36mPage Exists? (4.4ms)[0m  [1m[34mSELECT 1 AS one FROM "pages" WHERE "pages"."name" = 'Local Coffee Shop' LIMIT 1 /*application='Connectify'*/[0m
  [1m[36mPage Create (0.2ms)[0m  [1m[32mINSERT INTO "pages" ("name", "description", "category", "likes_count", "created_at", "updated_at") VALUES ('Local Coffee Shop', 'Your favorite spot for artisanal coffee and pastries.', 'Business', 850, '2025-07-29 17:24:15.717947', '2025-07-29 17:24:15.717947') RETURNING "id" /*application='Connectify'*/[0m
  [1m[36mTRANSACTION (0.2ms)[0m  [1m[35mCOMMIT TRANSACTION /*application='Connectify'*/[0m
  [1m[36mTRANSACTION (0.1ms)[0m  [1m[35mBEGIN immediate TRANSACTION /*application='Connectify'*/[0m
  [1m[36mPage Exists? (3.8ms)[0m  [1m[34mSELECT 1 AS one FROM "pages" WHERE "pages"."name" = 'Rails Developers Group' LIMIT 1 /*application='Connectify'*/[0m
  [1m[36mPage Create (0.2ms)[0m  [1m[32mINSERT INTO "pages" ("name", "description", "category", "likes_count", "created_at", "updated_at") VALUES ('Rails Developers Group', 'A community for Ruby on Rails developers to share knowledge and collaborate.', 'Community', 2100, '2025-07-29 17:24:15.746557', '2025-07-29 17:24:15.746557') RETURNING "id" /*application='Connectify'*/[0m
  [1m[36mTRANSACTION (0.2ms)[0m  [1m[35mCOMMIT TRANSACTION /*application='Connectify'*/[0m
  [1m[36mTRANSACTION (0.6ms)[0m  [1m[35mBEGIN immediate TRANSACTION /*application='Connectify'*/[0m
  [1m[36mPage Exists? (9.1ms)[0m  [1m[34mSELECT 1 AS one FROM "pages" WHERE "pages"."name" = 'Healthy Living Tips' LIMIT 1 /*application='Connectify'*/[0m
  [1m[36mPage Create (0.7ms)[0m  [1m[32mINSERT INTO "pages" ("name", "description", "category", "likes_count", "created_at", "updated_at") VALUES ('Healthy Living Tips', 'Daily tips and advice for a healthier and happier life.', 'Health & Wellness', 1200, '2025-07-29 17:24:15.780434', '2025-07-29 17:24:15.780434') RETURNING "id" /*application='Connectify'*/[0m
  [1m[36mTRANSACTION (0.3ms)[0m  [1m[35mCOMMIT TRANSACTION /*application='Connectify'*/[0m
  [1m[36mTRANSACTION (0.0ms)[0m  [1m[35mBEGIN immediate TRANSACTION /*application='Connectify'*/[0m
  [1m[36mPage Exists? (18.8ms)[0m  [1m[34mSELECT 1 AS one FROM "pages" WHERE "pages"."name" = 'Tech Innovations 2025' LIMIT 1 /*application='Connectify'*/[0m
  [1m[36mPage Create (0.2ms)[0m  [1m[32mINSERT INTO "pages" ("name", "description", "category", "likes_count", "created_at", "updated_at") VALUES ('Tech Innovations 2025', 'Stay updated with the latest breakthroughs in technology.', 'Technology', 980, '2025-07-29 17:24:15.845634', '2025-07-29 17:24:15.845634') RETURNING "id" /*application='Connectify'*/[0m
  [1m[36mTRANSACTION (1.3ms)[0m  [1m[35mCOMMIT TRANSACTION /*application='Connectify'*/[0m
  [1m[36mTRANSACTION (0.0ms)[0m  [1m[35mBEGIN immediate TRANSACTION /*application='Connectify'*/[0m
  [1m[36mPage Exists? (1.9ms)[0m  [1m[34mSELECT 1 AS one FROM "pages" WHERE "pages"."name" = 'Global Travel Adventures' LIMIT 1 /*application='Connectify'*/[0m
  [1m[36mPage Create (0.3ms)[0m  [1m[32mINSERT INTO "pages" ("name", "description", "category", "likes_count", "created_at", "updated_at") VALUES ('Global Travel Adventures', 'Explore the world with us! Sharing breathtaking destinations and travel guides.', 'Travel', 3200, '2025-07-29 17:24:15.867285', '2025-07-29 17:24:15.867285') RETURNING "id" /*application='Connectify'*/[0m
  [1m[36mTRANSACTION (0.2ms)[0m  [1m[35mCOMMIT TRANSACTION /*application='Connectify'*/[0m
  [1m[36mTRANSACTION (0.1ms)[0m  [1m[35mBEGIN immediate TRANSACTION /*application='Connectify'*/[0m
  [1m[36mPage Exists? (1.8ms)[0m  [1m[34mSELECT 1 AS one FROM "pages" WHERE "pages"."name" = 'Art & Design Showcase' LIMIT 1 /*application='Connectify'*/[0m
  [1m[36mPage Create (0.3ms)[0m  [1m[32mINSERT INTO "pages" ("name", "description", "category", "likes_count", "created_at", "updated_at") VALUES ('Art & Design Showcase', 'A platform for artists and designers to showcase their creative works.', 'Arts', 700, '2025-07-29 17:24:15.877639', '2025-07-29 17:24:15.877639') RETURNING "id" /*application='Connectify'*/[0m
  [1m[36mTRANSACTION (0.2ms)[0m  [1m[35mCOMMIT TRANSACTION /*application='Connectify'*/[0m
  [1m[36mPage Count (0.1ms)[0m  [1m[34mSELECT COUNT(*) FROM "pages" /*application='Connectify'*/[0m
Started GET "/" for 127.0.0.1 at 2025-07-29 19:24:26 +0200
  [1m[36mActiveRecord::SchemaMigration Load (0.9ms)[0m  [1m[34mSELECT "schema_migrations"."version" FROM "schema_migrations" ORDER BY "schema_migrations"."version" ASC /*application='Connectify'*/[0m
Processing by HomeController#index as HTML
  Rendering layout layouts/application.html.erb
  Rendering home/index.html.erb within layouts/application
  Rendered home/index.html.erb within layouts/application (Duration: 0.9ms | GC: 0.0ms)
  Rendered layout layouts/application.html.erb (Duration: 14.4ms | GC: 0.0ms)
Completed 200 OK in 53ms (Views: 20.5ms | ActiveRecord: 0.0ms (0 queries, 0 cached) | GC: 0.2ms)


Started GET "/assets/pages-d5e19b9d.css" for 127.0.0.1 at 2025-07-29 19:24:27 +0200
Started GET "/pages" for 127.0.0.1 at 2025-07-29 19:24:31 +0200
Processing by PagesController#index as HTML
  Rendering layout layouts/application.html.erb
  Rendering pages/index.html.erb within layouts/application
  [1m[36mPage Load (0.4ms)[0m  [1m[34mSELECT "pages".* FROM "pages" ORDER BY "pages"."likes_count" DESC /*action='index',application='Connectify',controller='pages'*/[0m
  ↳ app/views/pages/index.html.erb:5
  Rendered pages/index.html.erb within layouts/application (Duration: 32.0ms | GC: 0.0ms)
  Rendered layout layouts/application.html.erb (Duration: 37.5ms | GC: 0.0ms)
Completed 200 OK in 63ms (Views: 36.7ms | ActiveRecord: 4.0ms (1 query, 0 cached) | GC: 0.0ms)


Started GET "/pages/3" for 127.0.0.1 at 2025-07-29 19:24:38 +0200
Processing by PagesController#show as HTML
  Parameters: {"id"=>"3"}
  [1m[36mPage Load (4.6ms)[0m  [1m[34mSELECT "pages".* FROM "pages" WHERE "pages"."id" = 3 LIMIT 1 /*action='show',application='Connectify',controller='pages'*/[0m
  ↳ app/controllers/pages_controller.rb:7:in `show'
  Rendering layout layouts/application.html.erb
  Rendering pages/show.html.erb within layouts/application
  Rendered pages/show.html.erb within layouts/application (Duration: 2.8ms | GC: 0.0ms)
  Rendered layout layouts/application.html.erb (Duration: 7.4ms | GC: 0.0ms)
Completed 200 OK in 30ms (Views: 8.8ms | ActiveRecord: 4.6ms (1 query, 0 cached) | GC: 0.0ms)


Started GET "/pages" for 127.0.0.1 at 2025-07-29 19:24:40 +0200
Processing by PagesController#index as HTML
  Rendering layout layouts/application.html.erb
  Rendering pages/index.html.erb within layouts/application
  [1m[36mPage Load (0.9ms)[0m  [1m[34mSELECT "pages".* FROM "pages" ORDER BY "pages"."likes_count" DESC /*action='index',application='Connectify',controller='pages'*/[0m
  ↳ app/views/pages/index.html.erb:5
  Rendered pages/index.html.erb within layouts/application (Duration: 11.3ms | GC: 0.0ms)
  Rendered layout layouts/application.html.erb (Duration: 13.8ms | GC: 0.0ms)
Completed 200 OK in 27ms (Views: 14.8ms | ActiveRecord: 0.9ms (1 query, 0 cached) | GC: 0.0ms)


Started GET "/" for 127.0.0.1 at 2025-07-29 19:24:42 +0200
Processing by HomeController#index as HTML
  Rendering layout layouts/application.html.erb
  Rendering home/index.html.erb within layouts/application
  Rendered home/index.html.erb within layouts/application (Duration: 4.6ms | GC: 0.0ms)
  Rendered layout layouts/application.html.erb (Duration: 7.3ms | GC: 0.0ms)
Completed 200 OK in 18ms (Views: 9.2ms | ActiveRecord: 0.0ms (0 queries, 0 cached) | GC: 0.0ms)


Started GET "/" for 127.0.0.1 at 2025-07-29 19:27:16 +0200
Processing by HomeController#index as HTML
  Rendering layout layouts/application.html.erb
  Rendering home/index.html.erb within layouts/application
  Rendered home/index.html.erb within layouts/application (Duration: 0.2ms | GC: 0.0ms)
  Rendered layout layouts/application.html.erb (Duration: 3.9ms | GC: 0.0ms)
Completed 200 OK in 14ms (Views: 4.6ms | ActiveRecord: 0.0ms (0 queries, 0 cached) | GC: 0.0ms)


Started GET "/pages" for 127.0.0.1 at 2025-07-29 19:27:17 +0200
Processing by PagesController#index as HTML
  Rendering layout layouts/application.html.erb
  Rendering pages/index.html.erb within layouts/application
  [1m[36mPage Load (0.2ms)[0m  [1m[34mSELECT "pages".* FROM "pages" ORDER BY "pages"."likes_count" DESC /*action='index',application='Connectify',controller='pages'*/[0m
  ↳ app/views/pages/index.html.erb:5
  Rendered pages/index.html.erb within layouts/application (Duration: 8.4ms | GC: 0.0ms)
  Rendered layout layouts/application.html.erb (Duration: 10.5ms | GC: 0.0ms)
Completed 200 OK in 21ms (Views: 10.8ms | ActiveRecord: 0.1ms (1 query, 0 cached) | GC: 0.0ms)


Started GET "/icon.png" for 127.0.0.1 at 2025-07-29 19:27:17 +0200
  
ActionController::RoutingError (No route matches [GET] "/icon.png"):
  
Started GET "/pages" for 127.0.0.1 at 2025-07-29 19:38:10 +0200
Processing by PagesController#index as HTML
  Rendering layout layouts/application.html.erb
  Rendering pages/index.html.erb within layouts/application
  [1m[36mPage Load (4.0ms)[0m  [1m[34mSELECT "pages".* FROM "pages" ORDER BY "pages"."likes_count" DESC /*action='index',application='Connectify',controller='pages'*/[0m
  ↳ app/views/pages/index.html.erb:5
  Rendered pages/index.html.erb within layouts/application (Duration: 7.6ms | GC: 0.0ms)
  Rendered layout layouts/application.html.erb (Duration: 12.6ms | GC: 0.0ms)
Completed 200 OK in 25ms (Views: 9.7ms | ActiveRecord: 4.1ms (1 query, 0 cached) | GC: 0.0ms)


Started GET "/" for 127.0.0.1 at 2025-07-29 19:41:31 +0200
Processing by HomeController#index as HTML
  Rendering layout layouts/application.html.erb
  Rendering home/index.html.erb within layouts/application
  Rendered home/index.html.erb within layouts/application (Duration: 0.8ms | GC: 0.0ms)
  Rendered layout layouts/application.html.erb (Duration: 10.8ms | GC: 0.0ms)
Completed 200 OK in 17ms (Views: 11.2ms | ActiveRecord: 0.0ms (0 queries, 0 cached) | GC: 0.0ms)


Started GET "/" for 127.0.0.1 at 2025-07-30 04:14:01 +0200
Started HEAD "/" for 127.0.0.1 at 2025-07-30 04:14:01 +0200
Started HEAD "/" for 127.0.0.1 at 2025-07-30 04:14:01 +0200
  [1m[36mActiveRecord::SchemaMigration Load (0.4ms)[0m  [1m[34mSELECT "schema_migrations"."version" FROM "schema_migrations" ORDER BY "schema_migrations"."version" ASC /*application='Connectify'*/[0m
  
ActionController::RoutingError (No route matches [HEAD] "/"):
  
  
ActionController::RoutingError (No route matches [HEAD] "/"):
  
Processing by HomeController#index as HTML
  Rendering layout layouts/application.html.erb
  Rendering home/index.html.erb within layouts/application
  Rendered home/index.html.erb within layouts/application (Duration: 3.6ms | GC: 0.0ms)
  Rendered layout layouts/application.html.erb (Duration: 24.3ms | GC: 0.0ms)
Completed 200 OK in 363ms (Views: 28.7ms | ActiveRecord: 0.0ms (0 queries, 0 cached) | GC: 19.6ms)


Started GET "/" for 127.0.0.1 at 2025-07-30 04:14:06 +0200
Processing by HomeController#index as HTML
  Rendering layout layouts/application.html.erb
  Rendering home/index.html.erb within layouts/application
  Rendered home/index.html.erb within layouts/application (Duration: 1.6ms | GC: 0.0ms)
  Rendered layout layouts/application.html.erb (Duration: 13.4ms | GC: 0.0ms)
Completed 200 OK in 29ms (Views: 13.9ms | ActiveRecord: 0.0ms (0 queries, 0 cached) | GC: 0.0ms)


Started GET "/assets/application-943da41e.css" for 127.0.0.1 at 2025-07-30 04:14:06 +0200
Started GET "/assets/pages-d5e19b9d.css" for 127.0.0.1 at 2025-07-30 04:14:06 +0200
Started HEAD "/" for 127.0.0.1 at 2025-07-30 04:14:10 +0200
Processing by HomeController#index as */*
  Rendering layout layouts/application.html.erb
  Rendering home/index.html.erb within layouts/application
  Rendered home/index.html.erb within layouts/application (Duration: 0.6ms | GC: 0.0ms)
  Rendered layout layouts/application.html.erb (Duration: 4.0ms | GC: 0.0ms)
Completed 200 OK in 18ms (Views: 4.8ms | ActiveRecord: 0.0ms (0 queries, 0 cached) | GC: 0.0ms)


